<?xml version="1.0" encoding="UTF-8"?>
<!-- Generated by org.testng.reporters.JUnitXMLReporter -->
<testsuite hostname="Bis-PC" name="Default test" tests="5" failures="0" timestamp="24 Feb 2016 22:47:42 GMT" time="27.32" errors="0">
  <testcase name="buyItemTest" time="12.061" classname="main.java.tests.HMTest"/>
  <testcase name="checkBasket" time="0.919" classname="main.java.tests.HMTest"/>
  <testcase name="loginTest" time="2.561" classname="main.java.tests.HMTest"/>
  <testcase name="performSearchTest" time="7.825" classname="main.java.tests.HMTest"/>
  <testcase name="viewShirtTest" time="2.675" classname="main.java.tests.HMTest"/>
</testsuite> <!-- Default test -->
