<?xml version="1.0" encoding="UTF-8"?>
<testng-results skipped="0" failed="0" total="5" passed="5">
  <reporter-output>
  </reporter-output>
  <suite name="Default suite" duration-ms="27320" started-at="2016-02-24T22:47:15Z" finished-at="2016-02-24T22:47:42Z">
    <groups>
    </groups>
    <test name="Default test" duration-ms="27320" started-at="2016-02-24T22:47:15Z" finished-at="2016-02-24T22:47:42Z">
      <class name="main.java.tests.HMTest">
        <test-method status="PASS" signature="setup()[pri:0, instance:main.java.tests.HMTest@357246de]" name="setup" is-config="true" duration-ms="6526" started-at="2016-02-25T00:47:08Z" finished-at="2016-02-25T00:47:15Z">
          <reporter-output>
          </reporter-output>
        </test-method> <!-- setup -->
        <test-method status="PASS" signature="buyItemTest()[pri:0, instance:main.java.tests.HMTest@357246de]" name="buyItemTest" duration-ms="12061" started-at="2016-02-25T00:47:15Z" finished-at="2016-02-25T00:47:27Z">
          <reporter-output>
          </reporter-output>
        </test-method> <!-- buyItemTest -->
        <test-method status="PASS" signature="checkBasket()[pri:0, instance:main.java.tests.HMTest@357246de]" name="checkBasket" duration-ms="919" started-at="2016-02-25T00:47:27Z" finished-at="2016-02-25T00:47:28Z">
          <reporter-output>
          </reporter-output>
        </test-method> <!-- checkBasket -->
        <test-method status="PASS" signature="loginTest()[pri:0, instance:main.java.tests.HMTest@357246de]" name="loginTest" duration-ms="2561" started-at="2016-02-25T00:47:28Z" finished-at="2016-02-25T00:47:31Z">
          <reporter-output>
          </reporter-output>
        </test-method> <!-- loginTest -->
        <test-method status="PASS" signature="performSearchTest()[pri:0, instance:main.java.tests.HMTest@357246de]" name="performSearchTest" duration-ms="7825" started-at="2016-02-25T00:47:31Z" finished-at="2016-02-25T00:47:38Z">
          <reporter-output>
          </reporter-output>
        </test-method> <!-- performSearchTest -->
        <test-method status="PASS" signature="viewShirtTest()[pri:0, instance:main.java.tests.HMTest@357246de]" name="viewShirtTest" duration-ms="2675" started-at="2016-02-25T00:47:38Z" finished-at="2016-02-25T00:47:41Z">
          <reporter-output>
          </reporter-output>
        </test-method> <!-- viewShirtTest -->
        <test-method status="PASS" signature="logOut()[pri:0, instance:main.java.tests.HMTest@357246de]" name="logOut" is-config="true" duration-ms="1263" started-at="2016-02-25T00:47:41Z" finished-at="2016-02-25T00:47:42Z">
          <reporter-output>
          </reporter-output>
        </test-method> <!-- logOut -->
        <test-method status="PASS" signature="tearDown()[pri:0, instance:main.java.tests.HMTest@357246de]" name="tearDown" is-config="true" duration-ms="2192" started-at="2016-02-25T00:47:42Z" finished-at="2016-02-25T00:47:45Z">
          <reporter-output>
          </reporter-output>
        </test-method> <!-- tearDown -->
      </class> <!-- main.java.tests.HMTest -->
    </test> <!-- Default test -->
  </suite> <!-- Default suite -->
</testng-results>
